-------------------------------------------------------------------------------
Test set: org.example.TestSubtraction
-------------------------------------------------------------------------------
Tests run: 1, Failures: 1, Errors: 0, Skipped: 0, Time elapsed: 0 s <<< FAILURE! - in org.example.TestSubtraction
subtraction  Time elapsed: 0 s  <<< FAILURE!
org.opentest4j.AssertionFailedError: expected: <2> but was: <8>
	at org.example.TestSubtraction.subtraction(TestSubtraction.java:11)

